#
# A fatal error has been detected by the Java Runtime Environment:
#
#  Internal Error (javaClasses.cpp:129), pid=10900, tid=12276
#  fatal error: Invalid layout of preloaded class
#
# JRE version: 7.0_21-b11
# Java VM: Java HotSpot(TM) 64-Bit Server VM (23.21-b01 mixed mode windows-amd64 compressed oops)
# Failed to write core dump. Minidumps are not enabled by default on client versions of Windows
#
# If you would like to submit a bug report, please visit:
#   http://bugreport.sun.com/bugreport/crash.jsp
#

---------------  T H R E A D  ---------------

Current thread (0x0000000002aae000):  JavaThread "Unknown thread" [_thread_in_vm, id=12276, stack(0x0000000002ab0000,0x0000000002bb0000)]

Stack: [0x0000000002ab0000,0x0000000002bb0000]

---------------  P R O C E S S  ---------------

Java Threads: ( => current thread )

Other Threads:

=>0x0000000002aae000 (exited) JavaThread "Unknown thread" [_thread_in_vm, id=12276, stack(0x0000000002ab0000,0x0000000002bb0000)]

VM state:not at safepoint (not fully initialized)

VM Mutex/Monitor currently owned by a thread: None

GC Heap History (0 events):
No events

Deoptimization events (0 events):
No events

Internal exceptions (0 events):
No events

Events (10 events):
Event: 0.022 loading class 0x0000000002c029b0 done
Event: 0.022 loading class 0x0000000002bc4640 done
Event: 0.022 loading class 0x0000000002bc4b20
Event: 0.023 loading class 0x000000000930e320
Event: 0.023 loading class 0x000000000930e320 done
Event: 0.023 loading class 0x000000000930e660
Event: 0.023 loading class 0x000000000930e660 done
Event: 0.023 loading class 0x0000000002c53b50
Event: 0.023 loading class 0x0000000002c53b50 done
Event: 0.024 loading class 0x0000000002bc4b20 done


Dynamic libraries:
0x000007f6bd7e0000 - 0x000007f6bd813000 	C:\Program Files\Java\jre7\bin\javaw.exe
0x000007fd64a40000 - 0x000007fd64c00000 	C:\windows\SYSTEM32\ntdll.dll
0x000007fd641c0000 - 0x000007fd642f6000 	C:\windows\system32\KERNEL32.DLL
0x000007fd61b50000 - 0x000007fd61c43000 	C:\windows\system32\KERNELBASE.dll
0x000007fd63970000 - 0x000007fd63a4e000 	C:\windows\system32\ADVAPI32.dll
0x000007fd64620000 - 0x000007fd6476c000 	C:\windows\system32\USER32.dll
0x000007fd5d800000 - 0x000007fd5da6a000 	C:\windows\WinSxS\amd64_microsoft.windows.common-controls_6595b64144ccf1df_6.0.9200.16579_none_418ab7ef718b27ef\COMCTL32.dll
0x000007fd638c0000 - 0x000007fd63965000 	C:\windows\system32\msvcrt.dll
0x000007fd62290000 - 0x000007fd622d8000 	C:\windows\SYSTEM32\sechost.dll
0x000007fd64460000 - 0x000007fd645a5000 	C:\windows\system32\RPCRT4.dll
0x000007fd63d60000 - 0x000007fd63ea1000 	C:\windows\system32\GDI32.dll
0x000007fd63b80000 - 0x000007fd63bb9000 	C:\windows\system32\IMM32.DLL
0x000007fd63a60000 - 0x000007fd63b76000 	C:\windows\system32\MSCTF.dll
0x0000000070fa0000 - 0x0000000071071000 	C:\Program Files\Java\jre7\bin\msvcr100.dll
0x00000000704e0000 - 0x0000000070c01000 	C:\Program Files\Java\jre7\bin\server\jvm.dll
0x000007fd5e770000 - 0x000007fd5e779000 	C:\windows\SYSTEM32\WSOCK32.dll
0x000007fd60020000 - 0x000007fd60040000 	C:\windows\SYSTEM32\WINMM.dll
0x000007fd63a50000 - 0x000007fd63a57000 	C:\windows\system32\PSAPI.DLL
0x000007fd62570000 - 0x000007fd625c8000 	C:\windows\system32\WS2_32.dll
0x000007fd5afa0000 - 0x000007fd5afd3000 	C:\windows\SYSTEM32\WINMMBASE.dll
0x000007fd64300000 - 0x000007fd64309000 	C:\windows\system32\NSI.dll
0x000007fd61b00000 - 0x000007fd61b4f000 	C:\windows\SYSTEM32\cfgmgr32.dll
0x000007fd619a0000 - 0x000007fd619c2000 	C:\windows\system32\DEVOBJ.dll
0x0000000070f90000 - 0x0000000070f9f000 	C:\Program Files\Java\jre7\bin\verify.dll
0x0000000070e60000 - 0x0000000070e88000 	C:\Program Files\Java\jre7\bin\java.dll
0x0000000070f70000 - 0x0000000070f85000 	C:\Program Files\Java\jre7\bin\zip.dll

VM Arguments:
jvm_args: -Dfile.encoding=UTF-8 -Xbootclasspath:C:\adt-bundle-windows-x86_64-20130219\sdk\platforms\android-17\android.jar 
java_command: com.kdn.mtps.mobile.aria.Cipher
Launcher Type: SUN_STANDARD

Environment Variables:
JAVA_HOME="C:\Program Files\Java\jdk1.7.0_21"
CLASSPATH="C:\Program Files\Java\jdk1.7.0_21"\lib\tools.jar
PATH=C:\Program Files (x86)\Wizvera\Delfino;C:\Users\skystar\bin\Sencha\Cmd\3.1.2.342;C:\Program Files (x86)\NVIDIA Corporation\PhysX\Common;C:\Program Files (x86)\Intel\iCLS Client\;C:\Program Files\Intel\iCLS Client\;C:\windows\system32;C:\windows;C:\windows\System32\Wbem;C:\windows\System32\WindowsPowerShell\v1.0\;C:\Program Files\Intel\Intel(R) Management Engine Components\DAL;C:\Program Files\Intel\Intel(R) Management Engine Components\IPT;C:\Program Files (x86)\Intel\Intel(R) Management Engine Components\DAL;C:\Program Files (x86)\Intel\Intel(R) Management Engine Components\IPT;C:\Program Files (x86)\Intel\OpenCL SDK\2.0\bin\x86;C:\Program Files (x86)\Intel\OpenCL SDK\2.0\bin\x64;C:\Program Files (x86)\Windows Live\Shared;C:\Program Files\Condusiv Technologies\IntelliMemory\;"C:\Program Files\Java\jdk1.7.0_21"\bin;"C:\Program Files\Java\jre7";C:\Program Files\Intel\WiFi\bin\;C:\Program Files\Common Files\Intel\WirelessCommon\;C:\ant\apache-ant-1.9.3\bin;C:\Program Files\Intel\WiFi\bin\;C:\Program Files\Common Files\Intel\WirelessCommon\;C:\Program Files (x86)\SSH Communications Security\SSH Secure Shell;C:\Program Files (x86)\ESTsoft\ALSee\x64
USERNAME=skystar
OS=Windows_NT
PROCESSOR_IDENTIFIER=Intel64 Family 6 Model 58 Stepping 9, GenuineIntel



---------------  S Y S T E M  ---------------

OS: Windows 8 , 64 bit Build 9200 

CPU:total 8 (4 cores per cpu, 2 threads per core) family 6 model 58 stepping 9, cmov, cx8, fxsr, mmx, sse, sse2, sse3, ssse3, sse4.1, sse4.2, popcnt, avx, ht, tsc, tscinvbit, tscinv

Memory: 4k page, physical 4078936k(1063412k free), swap 8273244k(2691760k free)

vm_info: Java HotSpot(TM) 64-Bit Server VM (23.21-b01) for windows-amd64 JRE (1.7.0_21-b11), built on Apr  4 2013 08:11:28 by "java_re" with unknown MS VC++:1600

time: Thu May 08 16:24:13 2014
elapsed time: 0 seconds

