#
# A fatal error has been detected by the Java Runtime Environment:
#
#  Internal Error (javaClasses.cpp:129), pid=4448, tid=7100
#  fatal error: Invalid layout of preloaded class
#
# JRE version: 7.0_21-b11
# Java VM: Java HotSpot(TM) 64-Bit Server VM (23.21-b01 mixed mode windows-amd64 compressed oops)
# Failed to write core dump. Minidumps are not enabled by default on client versions of Windows
#
# If you would like to submit a bug report, please visit:
#   http://bugreport.sun.com/bugreport/crash.jsp
#

---------------  T H R E A D  ---------------

Current thread (0x000000000228e000):  JavaThread "Unknown thread" [_thread_in_vm, id=7100, stack(0x0000000002290000,0x0000000002390000)]

Stack: [0x0000000002290000,0x0000000002390000]

---------------  P R O C E S S  ---------------

Java Threads: ( => current thread )

Other Threads:

=>0x000000000228e000 (exited) JavaThread "Unknown thread" [_thread_in_vm, id=7100, stack(0x0000000002290000,0x0000000002390000)]

VM state:not at safepoint (not fully initialized)

VM Mutex/Monitor currently owned by a thread: None

GC Heap History (0 events):
No events

Deoptimization events (0 events):
No events

Internal exceptions (0 events):
No events

Events (10 events):
Event: 0.018 loading class 0x00000000023e2520 done
Event: 0.019 loading class 0x00000000023a4530 done
Event: 0.019 loading class 0x00000000023a4890
Event: 0.019 loading class 0x0000000008a2e4e0
Event: 0.019 loading class 0x0000000008a2e4e0 done
Event: 0.019 loading class 0x0000000008a2e8a0
Event: 0.019 loading class 0x0000000008a2e8a0 done
Event: 0.019 loading class 0x0000000002433830
Event: 0.019 loading class 0x0000000002433830 done
Event: 0.019 loading class 0x00000000023a4890 done


Dynamic libraries:
0x000007f62cc70000 - 0x000007f62cca3000 	C:\Program Files\Java\jre7\bin\javaw.exe
0x000007faa3dd0000 - 0x000007faa3f90000 	C:\windows\SYSTEM32\ntdll.dll
0x000007faa1350000 - 0x000007faa1487000 	C:\windows\system32\KERNEL32.DLL
0x000007faa10c0000 - 0x000007faa11b4000 	C:\windows\system32\KERNELBASE.dll
0x000007faa3cf0000 - 0x000007faa3dce000 	C:\windows\system32\ADVAPI32.dll
0x000007faa36e0000 - 0x000007faa382c000 	C:\windows\system32\USER32.dll
0x000007fa9e2b0000 - 0x000007fa9e51a000 	C:\windows\WinSxS\amd64_microsoft.windows.common-controls_6595b64144ccf1df_6.0.9200.16579_none_418ab7ef718b27ef\COMCTL32.dll
0x000007faa3a70000 - 0x000007faa3b15000 	C:\windows\system32\msvcrt.dll
0x000007faa3b20000 - 0x000007faa3b68000 	C:\windows\SYSTEM32\sechost.dll
0x000007faa29a0000 - 0x000007faa2ae5000 	C:\windows\system32\RPCRT4.dll
0x000007faa32f0000 - 0x000007faa3431000 	C:\windows\system32\GDI32.dll
0x000007faa2cc0000 - 0x000007faa2cf9000 	C:\windows\system32\IMM32.DLL
0x000007faa1230000 - 0x000007faa1346000 	C:\windows\system32\MSCTF.dll
0x0000000074160000 - 0x0000000074231000 	C:\Program Files\Java\jre7\bin\msvcr100.dll
0x0000000073a30000 - 0x0000000074151000 	C:\Program Files\Java\jre7\bin\server\jvm.dll
0x000007fa90670000 - 0x000007fa90679000 	C:\windows\SYSTEM32\WSOCK32.dll
0x000007fa9a030000 - 0x000007fa9a050000 	C:\windows\SYSTEM32\WINMM.dll
0x000007faa27e0000 - 0x000007faa27e7000 	C:\windows\system32\PSAPI.DLL
0x000007faa3680000 - 0x000007faa36d8000 	C:\windows\system32\WS2_32.dll
0x000007fa99ff0000 - 0x000007fa9a023000 	C:\windows\SYSTEM32\WINMMBASE.dll
0x000007faa3030000 - 0x000007faa3039000 	C:\windows\system32\NSI.dll
0x000007faa0d80000 - 0x000007faa0dcf000 	C:\windows\SYSTEM32\cfgmgr32.dll
0x000007faa0d30000 - 0x000007faa0d52000 	C:\windows\system32\DEVOBJ.dll
0x0000000074890000 - 0x000000007489f000 	C:\Program Files\Java\jre7\bin\verify.dll
0x0000000073a00000 - 0x0000000073a28000 	C:\Program Files\Java\jre7\bin\java.dll
0x0000000074870000 - 0x0000000074885000 	C:\Program Files\Java\jre7\bin\zip.dll

VM Arguments:
jvm_args: -Dfile.encoding=UTF-8 -Xbootclasspath:C:\adt-bundle-windows-x86_64-20130219\sdk\platforms\android-17\android.jar 
java_command: com.kdn.mtps.mobile.aria.Cipher
Launcher Type: SUN_STANDARD

Environment Variables:
JAVA_HOME="C:\Program Files\Java\jdk1.7.0_21"
CLASSPATH="C:\Program Files\Java\jdk1.7.0_21"\lib\tools.jar
PATH=C:\Program Files (x86)\Wizvera\Delfino;C:\Users\skystar\bin\Sencha\Cmd\3.1.2.342;C:\Program Files (x86)\NVIDIA Corporation\PhysX\Common;C:\Program Files (x86)\Intel\iCLS Client\;C:\Program Files\Intel\iCLS Client\;C:\windows\system32;C:\windows;C:\windows\System32\Wbem;C:\windows\System32\WindowsPowerShell\v1.0\;C:\Program Files\Intel\Intel(R) Management Engine Components\DAL;C:\Program Files\Intel\Intel(R) Management Engine Components\IPT;C:\Program Files (x86)\Intel\Intel(R) Management Engine Components\DAL;C:\Program Files (x86)\Intel\Intel(R) Management Engine Components\IPT;C:\Program Files (x86)\Intel\OpenCL SDK\2.0\bin\x86;C:\Program Files (x86)\Intel\OpenCL SDK\2.0\bin\x64;C:\Program Files (x86)\Windows Live\Shared;C:\Program Files\Condusiv Technologies\IntelliMemory\;"C:\Program Files\Java\jdk1.7.0_21"\bin;"C:\Program Files\Java\jre7";C:\Program Files\Intel\WiFi\bin\;C:\Program Files\Common Files\Intel\WirelessCommon\;C:\ant\apache-ant-1.9.3\bin;C:\Program Files\Intel\WiFi\bin\;C:\Program Files\Common Files\Intel\WirelessCommon\;C:\Program Files (x86)\SSH Communications Security\SSH Secure Shell
USERNAME=skystar
OS=Windows_NT
PROCESSOR_IDENTIFIER=Intel64 Family 6 Model 58 Stepping 9, GenuineIntel



---------------  S Y S T E M  ---------------

OS: Windows 8 , 64 bit Build 9200 

CPU:total 8 (4 cores per cpu, 2 threads per core) family 6 model 58 stepping 9, cmov, cx8, fxsr, mmx, sse, sse2, sse3, ssse3, sse4.1, sse4.2, popcnt, avx, ht, tsc, tscinvbit, tscinv

Memory: 4k page, physical 4078936k(913020k free), swap 8797532k(3843936k free)

vm_info: Java HotSpot(TM) 64-Bit Server VM (23.21-b01) for windows-amd64 JRE (1.7.0_21-b11), built on Apr  4 2013 08:11:28 by "java_re" with unknown MS VC++:1600

time: Fri May 16 14:03:26 2014
elapsed time: 0 seconds

